<?xml version="1.0" encoding="UTF-8"?>
<!-- Generated by org.testng.reporters.JUnitReportReporter -->
<testsuite skipped="0" hostname="LTILPUN23200595" name="stepDefinitions.mobilesteps.NewTest" tests="1" failures="0" timestamp="2020-11-09T17:30:01 IST" time="4.148" errors="0">
  <testcase name="searchgooglepage" time="4.148" classname="stepDefinitions.mobilesteps.NewTest"/>
  <system-out/>
</testsuite> <!-- stepDefinitions.mobilesteps.NewTest -->
