<?xml version="1.0" encoding="UTF-8"?>
<!-- Generated by org.testng.reporters.JUnitReportReporter -->
<testsuite skipped="0" hostname="LTILPUN23200595" name="runner.APITestRunner" tests="6" failures="0" timestamp="2021-02-14T19:20:03 IST" time="24.909" errors="0">
  <testcase name="runScenario" time="10.751" classname="runner.APITestRunner"/>
  <system-out/>
  <testcase name="runScenario" time="3.925" classname="runner.APITestRunner"/>
  <system-out/>
  <testcase name="runScenario" time="3.549" classname="runner.APITestRunner"/>
  <system-out/>
  <testcase name="runScenario" time="3.514" classname="runner.APITestRunner"/>
  <system-out/>
  <testcase name="runScenario" time="1.596" classname="runner.APITestRunner"/>
  <system-out/>
  <testcase name="runScenario" time="1.574" classname="runner.APITestRunner"/>
  <system-out/>
</testsuite> <!-- runner.APITestRunner -->
