<?xml version="1.0" encoding="UTF-8"?>
<!-- Generated by org.testng.reporters.JUnitReportReporter -->
<testsuite skipped="0" hostname="LTILPUN23200595" name="runner.TestNGTestRunner" tests="1" failures="0" timestamp="2021-02-14T12:11:19 IST" time="119.229" errors="0">
  <testcase name="runScenario" time="119.229" classname="runner.TestNGTestRunner"/>
  <system-out/>
</testsuite> <!-- runner.TestNGTestRunner -->
