<?xml version="1.0" encoding="UTF-8"?>
<!-- Generated by org.testng.reporters.JUnitReportReporter -->
<testsuite skipped="0" hostname="LTILPUN23200595" name="runner.TestNGTestRunner" tests="1" failures="0" timestamp="2021-02-12T20:39:29 IST" time="89.260" errors="0">
  <testcase name="runScenario" time="89.260" classname="runner.TestNGTestRunner"/>
  <system-out/>
</testsuite> <!-- runner.TestNGTestRunner -->
