<?xml version="1.0" encoding="UTF-8"?>
<!-- Generated by org.testng.reporters.JUnitReportReporter -->
<testsuite skipped="0" hostname="LTILPUN23200595" name="runner.APITestRunner" tests="6" failures="0" timestamp="2021-02-10T15:16:32 IST" time="23.803" errors="0">
  <testcase name="runScenario" time="1.588" classname="runner.APITestRunner"/>
  <system-out/>
  <testcase name="runScenario" time="3.476" classname="runner.APITestRunner"/>
  <system-out/>
  <testcase name="runScenario" time="1.633" classname="runner.APITestRunner"/>
  <system-out/>
  <testcase name="runScenario" time="4.459" classname="runner.APITestRunner"/>
  <system-out/>
  <testcase name="runScenario" time="6.928" classname="runner.APITestRunner"/>
  <system-out/>
  <testcase name="runScenario" time="5.719" classname="runner.APITestRunner"/>
  <system-out/>
</testsuite> <!-- runner.APITestRunner -->
