<?xml version="1.0" encoding="UTF-8"?>
<!-- Generated by org.testng.reporters.JUnitReportReporter -->
<testsuite skipped="1" hostname="LTILPUN23200595" name="runner.APIDemoTestRunner" tests="1" failures="0" timestamp="2020-12-18T08:12:30 IST" time="0.000" errors="0">
  <testcase name="runScenario" time="0.000" classname="runner.APIDemoTestRunner">
    <skipped/>
  </testcase> <!-- runScenario -->
  <system-out/>
</testsuite> <!-- runner.APIDemoTestRunner -->
